Build started 4/16/2012 6:39:54 AM.
     1>Project "C:\Users\Fritz\Documents\Visual Studio 2010\Projects\P2sSgBot\P2sSgBot\P2sSgBot.vcxproj" on node 2 (rebuild target(s)).
     1>InitializeBuildStatus:
         Creating "Release\P2sSgBot.unsuccessfulbuild" because "AlwaysCreate" was specified.
       ClCompile:
         c:\Program Files (x86)\Microsoft Visual Studio 10.0\VC\bin\CL.exe /c /Zi /nologo /W3 /WX- /O2 /Oi /Oy- /GL /D WIN32 /D NDEBUG /D _CONSOLE /D _UNICODE /D UNICODE /Gm- /EHsc /MT /GS /Gy /fp:precise /Zc:wchar_t /Zc:forScope /Fo"Release\\" /Fd"Release\vc100.pdb" /Gd /TP /analyze- /errorReport:prompt Main.cpp
         Main.cpp
       ResourceCompile:
         C:\Program Files (x86)\Microsoft SDKs\Windows\v7.0A\bin\rc.exe /D _UNICODE /D UNICODE /l"0x0409" /nologo /fo"Release\P2sSgBot.res" P2sSgBot.rc 
       Link:
         c:\Program Files (x86)\Microsoft Visual Studio 10.0\VC\bin\link.exe /ERRORREPORT:PROMPT /OUT:"C:\Users\Fritz\Documents\Visual Studio 2010\Projects\P2sSgBot\Release\P2sSgBot.exe" /INCREMENTAL:NO /NOLOGO kernel32.lib user32.lib gdi32.lib winspool.lib comdlg32.lib advapi32.lib shell32.lib ole32.lib oleaut32.lib uuid.lib odbc32.lib odbccp32.lib /MANIFEST /ManifestFile:"Release\P2sSgBot.exe.intermediate.manifest" /MANIFESTUAC:"level='asInvoker' uiAccess='false'" /DEBUG /PDB:"C:\Users\Fritz\Documents\Visual Studio 2010\Projects\P2sSgBot\Release\P2sSgBot.pdb" /SUBSYSTEM:CONSOLE /OPT:REF /OPT:ICF /LTCG /TLBID:1 /DYNAMICBASE /NXCOMPAT /IMPLIB:"C:\Users\Fritz\Documents\Visual Studio 2010\Projects\P2sSgBot\Release\P2sSgBot.lib" /MACHINE:X86 Release\P2sSgBot.res
         Release\Main.obj
         Generating code
         Finished generating code
         P2sSgBot.vcxproj -> C:\Users\Fritz\Documents\Visual Studio 2010\Projects\P2sSgBot\Release\P2sSgBot.exe
       Manifest:
         C:\Program Files (x86)\Microsoft SDKs\Windows\v7.0A\bin\mt.exe /nologo /verbose /outputresource:"C:\Users\Fritz\Documents\Visual Studio 2010\Projects\P2sSgBot\Release\P2sSgBot.exe;#1" /manifest Release\P2sSgBot.exe.intermediate.manifest
       FinalizeBuildStatus:
         Deleting file "Release\P2sSgBot.unsuccessfulbuild".
         Touching "Release\P2sSgBot.lastbuildstate".
     1>Done Building Project "C:\Users\Fritz\Documents\Visual Studio 2010\Projects\P2sSgBot\P2sSgBot\P2sSgBot.vcxproj" (rebuild target(s)).

Build succeeded.

Time Elapsed 00:00:02.14
